[2026-06-26 04:44:17Z INFO HostContext] No proxy settings were found based on environmental variables (http_proxy/https_proxy/HTTP_PROXY/HTTPS_PROXY)
[2026-06-26 04:44:17Z INFO HostContext] Well known directory 'Bin': 'F:\code\resume-assistant\actions-runner\bin'
[2026-06-26 04:44:17Z INFO HostContext] Well known directory 'Root': 'F:\code\resume-assistant\actions-runner'
[2026-06-26 04:44:17Z INFO HostContext] Well known config file 'Credentials': 'F:\code\resume-assistant\actions-runner\.credentials'
[2026-06-26 04:44:17Z INFO HostContext] Well known directory 'Bin': 'F:\code\resume-assistant\actions-runner\bin'
[2026-06-26 04:44:17Z INFO HostContext] Well known directory 'Root': 'F:\code\resume-assistant\actions-runner'
[2026-06-26 04:44:17Z INFO HostContext] Well known config file 'Runner': 'F:\code\resume-assistant\actions-runner\.runner'
[2026-06-26 04:44:17Z INFO Listener] Runner is built for Windows (X64) - win-x64.
[2026-06-26 04:44:17Z INFO Listener] RuntimeInformation: Microsoft Windows 10.0.19045.
[2026-06-26 04:44:17Z INFO Listener] Version: 2.335.1
[2026-06-26 04:44:17Z INFO Listener] Commit: 7d737449ef346f6524f75688d0c9c95fa10ba10a
[2026-06-26 04:44:17Z INFO Listener] Culture: zh-CN
[2026-06-26 04:44:17Z INFO Listener] UI Culture: zh-CN
[2026-06-26 04:44:17Z INFO HostContext] Well known directory 'Bin': 'F:\code\resume-assistant\actions-runner\bin'
[2026-06-26 04:44:17Z INFO HostContext] Well known directory 'Root': 'F:\code\resume-assistant\actions-runner'
[2026-06-26 04:44:17Z INFO Listener] Validating directory permissions for: 'F:\code\resume-assistant\actions-runner'
[2026-06-26 04:44:17Z INFO CommandLineParser] Parse
[2026-06-26 04:44:17Z INFO CommandLineParser] Parsing 5 args
[2026-06-26 04:44:17Z INFO CommandLineParser] parsing argument
[2026-06-26 04:44:17Z INFO CommandLineParser] HasArgs: False
[2026-06-26 04:44:17Z INFO CommandLineParser] Adding Command: configure
[2026-06-26 04:44:17Z INFO CommandLineParser] parsing argument
[2026-06-26 04:44:17Z INFO CommandLineParser] HasArgs: True
[2026-06-26 04:44:17Z INFO CommandLineParser] arg: url
[2026-06-26 04:44:17Z INFO CommandLineParser] parsing argument
[2026-06-26 04:44:17Z INFO CommandLineParser] HasArgs: True
[2026-06-26 04:44:17Z INFO CommandLineParser] Adding option 'url': 'https://github.com/407chendaxia/resume-assistant'
[2026-06-26 04:44:17Z INFO CommandLineParser] parsing argument
[2026-06-26 04:44:17Z INFO CommandLineParser] HasArgs: True
[2026-06-26 04:44:17Z INFO CommandLineParser] arg: token
[2026-06-26 04:44:17Z INFO CommandLineParser] parsing argument
[2026-06-26 04:44:17Z INFO CommandLineParser] HasArgs: True
[2026-06-26 04:44:17Z INFO CommandLineParser] Adding option 'token': '***'
[2026-06-26 04:44:17Z INFO Listener] Arguments parsed
[2026-06-26 04:44:17Z INFO Runner] ExecuteCommand
[2026-06-26 04:44:17Z INFO ConfigurationStore] currentAssemblyLocation: F:\code\resume-assistant\actions-runner\bin\Runner.Listener.dll
[2026-06-26 04:44:17Z INFO HostContext] Well known directory 'Bin': 'F:\code\resume-assistant\actions-runner\bin'
[2026-06-26 04:44:17Z INFO ConfigurationStore] binPath: F:\code\resume-assistant\actions-runner\bin
[2026-06-26 04:44:17Z INFO HostContext] Well known directory 'Bin': 'F:\code\resume-assistant\actions-runner\bin'
[2026-06-26 04:44:17Z INFO HostContext] Well known directory 'Root': 'F:\code\resume-assistant\actions-runner'
[2026-06-26 04:44:17Z INFO ConfigurationStore] RootFolder: F:\code\resume-assistant\actions-runner
[2026-06-26 04:44:17Z INFO HostContext] Well known directory 'Bin': 'F:\code\resume-assistant\actions-runner\bin'
[2026-06-26 04:44:17Z INFO HostContext] Well known directory 'Root': 'F:\code\resume-assistant\actions-runner'
[2026-06-26 04:44:17Z INFO HostContext] Well known config file 'Runner': 'F:\code\resume-assistant\actions-runner\.runner'
[2026-06-26 04:44:17Z INFO ConfigurationStore] ConfigFilePath: F:\code\resume-assistant\actions-runner\.runner
[2026-06-26 04:44:17Z INFO HostContext] Well known directory 'Bin': 'F:\code\resume-assistant\actions-runner\bin'
[2026-06-26 04:44:17Z INFO HostContext] Well known directory 'Root': 'F:\code\resume-assistant\actions-runner'
[2026-06-26 04:44:17Z INFO HostContext] Well known config file 'MigratedRunner': 'F:\code\resume-assistant\actions-runner\.runner_migrated'
[2026-06-26 04:44:17Z INFO ConfigurationStore] MigratedConfigFilePath: F:\code\resume-assistant\actions-runner\.runner_migrated
[2026-06-26 04:44:17Z INFO HostContext] Well known directory 'Bin': 'F:\code\resume-assistant\actions-runner\bin'
[2026-06-26 04:44:17Z INFO HostContext] Well known directory 'Root': 'F:\code\resume-assistant\actions-runner'
[2026-06-26 04:44:17Z INFO HostContext] Well known config file 'Credentials': 'F:\code\resume-assistant\actions-runner\.credentials'
[2026-06-26 04:44:17Z INFO ConfigurationStore] CredFilePath: F:\code\resume-assistant\actions-runner\.credentials
[2026-06-26 04:44:17Z INFO HostContext] Well known directory 'Bin': 'F:\code\resume-assistant\actions-runner\bin'
[2026-06-26 04:44:17Z INFO HostContext] Well known directory 'Root': 'F:\code\resume-assistant\actions-runner'
[2026-06-26 04:44:17Z INFO HostContext] Well known config file 'MigratedCredentials': 'F:\code\resume-assistant\actions-runner\.credentials_migrated'
[2026-06-26 04:44:17Z INFO ConfigurationStore] MigratedCredFilePath: F:\code\resume-assistant\actions-runner\.credentials_migrated
[2026-06-26 04:44:17Z INFO HostContext] Well known directory 'Bin': 'F:\code\resume-assistant\actions-runner\bin'
[2026-06-26 04:44:17Z INFO HostContext] Well known directory 'Root': 'F:\code\resume-assistant\actions-runner'
[2026-06-26 04:44:17Z INFO HostContext] Well known config file 'Service': 'F:\code\resume-assistant\actions-runner\.service'
[2026-06-26 04:44:17Z INFO ConfigurationStore] ServiceConfigFilePath: F:\code\resume-assistant\actions-runner\.service
[2026-06-26 04:44:17Z INFO CommandSettings] Flag 'help': 'False'
[2026-06-26 04:44:17Z INFO CommandSettings] Flag 'version': 'False'
[2026-06-26 04:44:17Z INFO CommandSettings] Flag 'commit': 'False'
[2026-06-26 04:44:17Z INFO CommandSettings] Flag 'check': 'False'
[2026-06-26 04:44:17Z INFO CommandSettings] Command 'configure': 'True'
[2026-06-26 04:44:17Z INFO Terminal] WRITE LINE: 
[2026-06-26 04:44:17Z INFO Terminal] WRITE LINE: --------------------------------------------------------------------------------
[2026-06-26 04:44:17Z INFO Terminal] WRITE LINE: |        ____ _ _   _   _       _          _        _   _                      |
[2026-06-26 04:44:17Z INFO Terminal] WRITE LINE: |       / ___(_) |_| | | |_   _| |__      / \   ___| |_(_) ___  _ __  ___      |
[2026-06-26 04:44:17Z INFO Terminal] WRITE LINE: |      | |  _| | __| |_| | | | | '_ \    / _ \ / __| __| |/ _ \| '_ \/ __|     |
[2026-06-26 04:44:17Z INFO Terminal] WRITE LINE: |      | |_| | | |_|  _  | |_| | |_) |  / ___ \ (__| |_| | (_) | | | \__ \     |
[2026-06-26 04:44:17Z INFO Terminal] WRITE LINE: |       \____|_|\__|_| |_|\__,_|_.__/  /_/   \_\___|\__|_|\___/|_| |_|___/     |
[2026-06-26 04:44:17Z INFO Terminal] WRITE LINE: |                                                                              |
[2026-06-26 04:44:17Z INFO Terminal] WRITE: |                       
[2026-06-26 04:44:17Z INFO Terminal] WRITE: Self-hosted runner registration
[2026-06-26 04:44:17Z INFO Terminal] WRITE LINE:                         |
[2026-06-26 04:44:17Z INFO Terminal] WRITE LINE: |                                                                              |
[2026-06-26 04:44:17Z INFO Terminal] WRITE LINE: --------------------------------------------------------------------------------
[2026-06-26 04:44:17Z INFO ConfigurationManager] ConfigureAsync
[2026-06-26 04:44:17Z INFO CommandSettings] Flag 'generateServiceConfig': 'False'
[2026-06-26 04:44:17Z INFO ConfigurationStore] IsConfigured()
[2026-06-26 04:44:17Z INFO ConfigurationStore] IsConfigured: False
[2026-06-26 04:44:17Z INFO ConfigurationManager] Is configured: False
[2026-06-26 04:44:17Z INFO CommandSettings] Arg 'url': 'https://github.com/407chendaxia/resume-assistant'
[2026-06-26 04:44:17Z INFO CommandSettings] Remove url from Arg dictionary.
[2026-06-26 04:44:17Z INFO CommandSettings] Arg 'token': '***'
[2026-06-26 04:44:17Z INFO CommandSettings] Remove token from Arg dictionary.
[2026-06-26 04:44:20Z INFO ConfigurationManager] Http response code: OK from 'POST https://api.github.com/actions/runner-registration' (7121:23863C:B92B10:C230BF:6A3E03A2)
[2026-06-26 04:44:20Z INFO ConfigurationManager] Using runner-admin flow: False
[2026-06-26 04:44:20Z INFO ConfigurationManager] cred retrieved via GitHub auth
[2026-06-26 04:44:20Z INFO RunnerServer] EstablishVssConnection
[2026-06-26 04:44:20Z INFO RunnerServer] Establish connection with 100 seconds timeout.
[2026-06-26 04:44:20Z INFO GitHubActionsService] Starting operation Location.GetConnectionData
[2026-06-26 04:44:20Z INFO RunnerServer] EstablishVssConnection
[2026-06-26 04:44:20Z INFO RunnerServer] Establish connection with 60 seconds timeout.
[2026-06-26 04:44:20Z INFO GitHubActionsService] Starting operation Location.GetConnectionData
[2026-06-26 04:44:20Z INFO RunnerServer] EstablishVssConnection
[2026-06-26 04:44:20Z INFO RunnerServer] Establish connection with 60 seconds timeout.
[2026-06-26 04:44:20Z INFO GitHubActionsService] Starting operation Location.GetConnectionData
[2026-06-26 04:44:22Z INFO GitHubActionsService] Finished operation Location.GetConnectionData
[2026-06-26 04:44:22Z INFO GitHubActionsService] Finished operation Location.GetConnectionData
[2026-06-26 04:44:22Z INFO GitHubActionsService] Finished operation Location.GetConnectionData
[2026-06-26 04:44:22Z INFO Terminal] WRITE LINE: 
[2026-06-26 04:44:22Z INFO ConfigurationManager] Test Connection complete.
[2026-06-26 04:44:22Z INFO HostContext] Well known directory 'Bin': 'F:\code\resume-assistant\actions-runner\bin'
[2026-06-26 04:44:22Z INFO HostContext] Well known directory 'Root': 'F:\code\resume-assistant\actions-runner'
[2026-06-26 04:44:22Z INFO HostContext] Well known config file 'RSACredentials': 'F:\code\resume-assistant\actions-runner\.credentials_rsaparams'
[2026-06-26 04:44:22Z INFO RSAEncryptedFileKeyManager] Creating new RSA key using 2048-bit key length
[2026-06-26 04:44:22Z INFO RSAEncryptedFileKeyManager] Successfully saved RSA key parameters to file F:\code\resume-assistant\actions-runner\.credentials_rsaparams
[2026-06-26 04:44:23Z INFO CommandSettings] Arg 'runnergroup': ''
[2026-06-26 04:44:23Z INFO CommandSettings] Flag 'unattended': 'False'
[2026-06-26 04:44:23Z INFO PromptManager] ReadValue
[2026-06-26 04:44:23Z INFO Terminal] WRITE: Enter the name of the runner group to add this runner to: 
[2026-06-26 04:44:23Z INFO Terminal] WRITE: [press Enter for Default] 
[2026-06-26 04:44:23Z INFO Terminal] READ LINE
[2026-06-26 04:44:25Z INFO Terminal] Read value: ''
[2026-06-26 04:44:25Z INFO PromptManager] Falling back to the default: 'Default'
[2026-06-26 04:44:25Z INFO Terminal] WRITE LINE: 
[2026-06-26 04:44:25Z INFO ConfigurationManager] Found a self-hosted runner group with id 1 and name Default
[2026-06-26 04:44:25Z INFO CommandSettings] Flag 'disableupdate': 'False'
[2026-06-26 04:44:25Z INFO CommandSettings] Flag 'ephemeral': 'False'
[2026-06-26 04:44:25Z INFO CommandSettings] Arg 'name': ''
[2026-06-26 04:44:25Z INFO CommandSettings] Flag 'unattended': 'False'
[2026-06-26 04:44:25Z INFO PromptManager] ReadValue
[2026-06-26 04:44:25Z INFO Terminal] WRITE: Enter the name of runner: 
[2026-06-26 04:44:25Z INFO Terminal] WRITE: [press Enter for LENOVO-PC] 
[2026-06-26 04:44:25Z INFO Terminal] READ LINE
[2026-06-26 04:44:26Z INFO Terminal] Read value: ''
[2026-06-26 04:44:26Z INFO PromptManager] Falling back to the default: 'LENOVO-PC'
[2026-06-26 04:44:26Z INFO Terminal] WRITE LINE: 
[2026-06-26 04:44:26Z INFO CommandSettings] Arg 'labels': ''
[2026-06-26 04:44:26Z INFO CommandSettings] Flag 'unattended': 'False'
[2026-06-26 04:44:26Z INFO PromptManager] ReadValue
[2026-06-26 04:44:26Z INFO Terminal] WRITE: This runner will have the following labels: 'self-hosted', 'Windows', 'X64' 
Enter any additional labels (ex. label-1,label-2): 
[2026-06-26 04:44:26Z INFO Terminal] WRITE: [press Enter to skip] 
[2026-06-26 04:44:26Z INFO Terminal] READ LINE
[2026-06-26 04:44:34Z INFO Terminal] Read value: ''
[2026-06-26 04:44:34Z INFO Terminal] WRITE LINE: 
[2026-06-26 04:44:34Z INFO CommandSettings] Flag 'disableupdate': 'False'
[2026-06-26 04:44:34Z INFO CommandSettings] Flag 'no-default-labels': 'False'
[2026-06-26 04:44:35Z INFO CommandSettings] Flag 'disableupdate': 'False'
[2026-06-26 04:44:35Z INFO CommandSettings] Flag 'ephemeral': 'False'
[2026-06-26 04:44:35Z INFO ConfigurationStore] Saving OAuth credential @ F:\code\resume-assistant\actions-runner\.credentials
[2026-06-26 04:44:35Z INFO ConfigurationStore] Credentials Saved.
[2026-06-26 04:44:35Z INFO ConfigurationManager] Service enforced serverUrlV2: https://broker.actions.githubusercontent.com/
[2026-06-26 04:44:35Z INFO ConfigurationManager] Service enforced useV2Flow: True
[2026-06-26 04:44:35Z INFO CommandSettings] Arg 'work': ''
[2026-06-26 04:44:35Z INFO CommandSettings] Flag 'unattended': 'False'
[2026-06-26 04:44:35Z INFO PromptManager] ReadValue
[2026-06-26 04:44:35Z INFO Terminal] WRITE: Enter name of work folder: 
[2026-06-26 04:44:35Z INFO Terminal] WRITE: [press Enter for _work] 
[2026-06-26 04:44:35Z INFO Terminal] READ LINE
[2026-06-26 04:44:37Z INFO Terminal] Read value: ''
[2026-06-26 04:44:37Z INFO PromptManager] Falling back to the default: '_work'
[2026-06-26 04:44:37Z INFO ConfigurationStore] Saving runner settings.
[2026-06-26 04:44:37Z INFO ConfigurationStore] Settings Saved.
[2026-06-26 04:44:37Z INFO Terminal] WRITE LINE: 
[2026-06-26 04:44:37Z INFO Terminal] WRITE LINE: 
[2026-06-26 04:44:37Z INFO CommandSettings] Flag 'runasservice': 'False'
[2026-06-26 04:44:37Z INFO CommandSettings] Flag 'unattended': 'False'
[2026-06-26 04:44:37Z INFO PromptManager] ReadValue
[2026-06-26 04:44:37Z INFO Terminal] WRITE: Would you like to run the runner as service? (Y/N) 
[2026-06-26 04:44:37Z INFO Terminal] WRITE: [press Enter for N] 
[2026-06-26 04:44:37Z INFO Terminal] READ LINE
[2026-06-26 04:44:44Z INFO Terminal] Read value: 'y'
[2026-06-26 04:44:44Z INFO ConfigurationManager] Configuring to run the agent as service
[2026-06-26 04:44:44Z ERR  WindowsServiceControlManager] Needs Administrator privileges for configure runner as windows service.
[2026-06-26 04:44:44Z ERR  Runner] System.Security.SecurityException: Needs Administrator privileges for configuring runner as windows service.
   at GitHub.Runner.Listener.Configuration.WindowsServiceControlManager.ConfigureService(RunnerSettings settings, CommandSettings command)
   at GitHub.Runner.Listener.Configuration.ConfigurationManager.ConfigureAsync(CommandSettings command)
   at GitHub.Runner.Listener.Runner.ExecuteCommand(CommandSettings command)
[2026-06-26 04:44:44Z ERR  Terminal] WRITE ERROR: Needs Administrator privileges for configuring runner as windows service.
[2026-06-26 04:44:44Z INFO Listener] Runner execution has finished with return code 1
